[0.524s] Invoking command in '/home/cjmes/f24_robotics/webots_ros2_homework1_python': PYTHONPATH=/home/cjmes/f24_robotics/webots_ros2_homework1_python/build/webots_ros2_homework1_python/prefix_override:/usr/lib/python3/dist-packages/colcon_core/task/python/colcon_distutils_commands:/home/cjmes/f24_robotics/webots_ros2_homework1_python/install/webots_ros2_homework1_python/lib/python3.10/site-packages:${PYTHONPATH} /usr/bin/python3 -W ignore:setup.py install is deprecated setup.py egg_info --egg-base build/webots_ros2_homework1_python build --build-base /home/cjmes/f24_robotics/webots_ros2_homework1_python/build/webots_ros2_homework1_python/build install --record /home/cjmes/f24_robotics/webots_ros2_homework1_python/build/webots_ros2_homework1_python/install.log --single-version-externally-managed install_data
[0.704s] running egg_info
[0.705s] creating build/webots_ros2_homework1_python/webots_ros2_homework1_python.egg-info
[0.705s] writing build/webots_ros2_homework1_python/webots_ros2_homework1_python.egg-info/PKG-INFO
[0.705s] writing dependency_links to build/webots_ros2_homework1_python/webots_ros2_homework1_python.egg-info/dependency_links.txt
[0.705s] writing entry points to build/webots_ros2_homework1_python/webots_ros2_homework1_python.egg-info/entry_points.txt
[0.706s] writing requirements to build/webots_ros2_homework1_python/webots_ros2_homework1_python.egg-info/requires.txt
[0.706s] writing top-level names to build/webots_ros2_homework1_python/webots_ros2_homework1_python.egg-info/top_level.txt
[0.706s] writing manifest file 'build/webots_ros2_homework1_python/webots_ros2_homework1_python.egg-info/SOURCES.txt'
[0.708s] reading manifest file 'build/webots_ros2_homework1_python/webots_ros2_homework1_python.egg-info/SOURCES.txt'
[0.709s] writing manifest file 'build/webots_ros2_homework1_python/webots_ros2_homework1_python.egg-info/SOURCES.txt'
[0.709s] running build
[0.709s] running build_py
[0.709s] creating /home/cjmes/f24_robotics/webots_ros2_homework1_python/build/webots_ros2_homework1_python/build
[0.709s] creating /home/cjmes/f24_robotics/webots_ros2_homework1_python/build/webots_ros2_homework1_python/build/lib
[0.710s] creating /home/cjmes/f24_robotics/webots_ros2_homework1_python/build/webots_ros2_homework1_python/build/lib/webots_ros2_homework1_python
[0.710s] copying webots_ros2_homework1_python/__init__.py -> /home/cjmes/f24_robotics/webots_ros2_homework1_python/build/webots_ros2_homework1_python/build/lib/webots_ros2_homework1_python
[0.710s] copying webots_ros2_homework1_python/webots_ros2_homework1_python.py -> /home/cjmes/f24_robotics/webots_ros2_homework1_python/build/webots_ros2_homework1_python/build/lib/webots_ros2_homework1_python
[0.710s] running install
[0.710s] running install_lib
[0.711s] creating /home/cjmes/f24_robotics/webots_ros2_homework1_python/install/webots_ros2_homework1_python/lib/python3.10/site-packages/webots_ros2_homework1_python
[0.711s] copying /home/cjmes/f24_robotics/webots_ros2_homework1_python/build/webots_ros2_homework1_python/build/lib/webots_ros2_homework1_python/__init__.py -> /home/cjmes/f24_robotics/webots_ros2_homework1_python/install/webots_ros2_homework1_python/lib/python3.10/site-packages/webots_ros2_homework1_python
[0.712s] copying /home/cjmes/f24_robotics/webots_ros2_homework1_python/build/webots_ros2_homework1_python/build/lib/webots_ros2_homework1_python/webots_ros2_homework1_python.py -> /home/cjmes/f24_robotics/webots_ros2_homework1_python/install/webots_ros2_homework1_python/lib/python3.10/site-packages/webots_ros2_homework1_python
[0.712s] byte-compiling /home/cjmes/f24_robotics/webots_ros2_homework1_python/install/webots_ros2_homework1_python/lib/python3.10/site-packages/webots_ros2_homework1_python/__init__.py to __init__.cpython-310.pyc
[0.712s] byte-compiling /home/cjmes/f24_robotics/webots_ros2_homework1_python/install/webots_ros2_homework1_python/lib/python3.10/site-packages/webots_ros2_homework1_python/webots_ros2_homework1_python.py to webots_ros2_homework1_python.cpython-310.pyc
[0.713s] running install_data
[0.713s] Sorry: IndentationError: unindent does not match any outer indentation level (webots_ros2_homework1_python.py, line 140)
[0.714s] creating /home/cjmes/f24_robotics/webots_ros2_homework1_python/install/webots_ros2_homework1_python/share/ament_index
[0.714s] creating /home/cjmes/f24_robotics/webots_ros2_homework1_python/install/webots_ros2_homework1_python/share/ament_index/resource_index
[0.714s] creating /home/cjmes/f24_robotics/webots_ros2_homework1_python/install/webots_ros2_homework1_python/share/ament_index/resource_index/packages
[0.714s] copying resource/webots_ros2_homework1_python -> /home/cjmes/f24_robotics/webots_ros2_homework1_python/install/webots_ros2_homework1_python/share/ament_index/resource_index/packages
[0.714s] creating /home/cjmes/f24_robotics/webots_ros2_homework1_python/install/webots_ros2_homework1_python/share/webots_ros2_homework1_python/launch
[0.714s] copying launch/f23_robotics_1_launch.py -> /home/cjmes/f24_robotics/webots_ros2_homework1_python/install/webots_ros2_homework1_python/share/webots_ros2_homework1_python/launch
[0.715s] creating /home/cjmes/f24_robotics/webots_ros2_homework1_python/install/webots_ros2_homework1_python/share/webots_ros2_homework1_python/worlds
[0.715s] copying worlds/f23_robotics_1.wbt -> /home/cjmes/f24_robotics/webots_ros2_homework1_python/install/webots_ros2_homework1_python/share/webots_ros2_homework1_python/worlds
[0.715s] copying package.xml -> /home/cjmes/f24_robotics/webots_ros2_homework1_python/install/webots_ros2_homework1_python/share/webots_ros2_homework1_python
[0.716s] creating /home/cjmes/f24_robotics/webots_ros2_homework1_python/install/webots_ros2_homework1_python/share/webots_ros2_homework1_python/resource
[0.716s] copying resource/turtlebot_webots.urdf -> /home/cjmes/f24_robotics/webots_ros2_homework1_python/install/webots_ros2_homework1_python/share/webots_ros2_homework1_python/resource
[0.717s] copying resource/ros2control.yml -> /home/cjmes/f24_robotics/webots_ros2_homework1_python/install/webots_ros2_homework1_python/share/webots_ros2_homework1_python/resource
[0.717s] running install_egg_info
[0.719s] Copying build/webots_ros2_homework1_python/webots_ros2_homework1_python.egg-info to /home/cjmes/f24_robotics/webots_ros2_homework1_python/install/webots_ros2_homework1_python/lib/python3.10/site-packages/webots_ros2_homework1_python-0.0.0-py3.10.egg-info
[0.720s] running install_scripts
[0.743s] Installing webots_ros2_homework1_python script to /home/cjmes/f24_robotics/webots_ros2_homework1_python/install/webots_ros2_homework1_python/lib/webots_ros2_homework1_python
[0.743s] writing list of installed files to '/home/cjmes/f24_robotics/webots_ros2_homework1_python/build/webots_ros2_homework1_python/install.log'
[0.769s] Invoked command in '/home/cjmes/f24_robotics/webots_ros2_homework1_python' returned '0': PYTHONPATH=/home/cjmes/f24_robotics/webots_ros2_homework1_python/build/webots_ros2_homework1_python/prefix_override:/usr/lib/python3/dist-packages/colcon_core/task/python/colcon_distutils_commands:/home/cjmes/f24_robotics/webots_ros2_homework1_python/install/webots_ros2_homework1_python/lib/python3.10/site-packages:${PYTHONPATH} /usr/bin/python3 -W ignore:setup.py install is deprecated setup.py egg_info --egg-base build/webots_ros2_homework1_python build --build-base /home/cjmes/f24_robotics/webots_ros2_homework1_python/build/webots_ros2_homework1_python/build install --record /home/cjmes/f24_robotics/webots_ros2_homework1_python/build/webots_ros2_homework1_python/install.log --single-version-externally-managed install_data
