[0.531s] Invoking command in '/home/cjmes/f24_robotics/webots_ros2_homework1_python': PYTHONPATH=/home/cjmes/f24_robotics/webots_ros2_homework1_python/build/webots_ros2_homework1_python/prefix_override:/usr/lib/python3/dist-packages/colcon_core/task/python/colcon_distutils_commands:/home/cjmes/f24_robotics/webots_ros2_homework1_python/install/webots_ros2_homework1_python/lib/python3.10/site-packages:${PYTHONPATH} /usr/bin/python3 -W ignore:setup.py install is deprecated setup.py egg_info --egg-base build/webots_ros2_homework1_python build --build-base /home/cjmes/f24_robotics/webots_ros2_homework1_python/build/webots_ros2_homework1_python/build install --record /home/cjmes/f24_robotics/webots_ros2_homework1_python/build/webots_ros2_homework1_python/install.log --single-version-externally-managed install_data
[0.734s] running egg_info
[0.735s] writing build/webots_ros2_homework1_python/webots_ros2_homework1_python.egg-info/PKG-INFO
[0.735s] writing dependency_links to build/webots_ros2_homework1_python/webots_ros2_homework1_python.egg-info/dependency_links.txt
[0.735s] writing entry points to build/webots_ros2_homework1_python/webots_ros2_homework1_python.egg-info/entry_points.txt
[0.735s] writing requirements to build/webots_ros2_homework1_python/webots_ros2_homework1_python.egg-info/requires.txt
[0.735s] writing top-level names to build/webots_ros2_homework1_python/webots_ros2_homework1_python.egg-info/top_level.txt
[0.737s] reading manifest file 'build/webots_ros2_homework1_python/webots_ros2_homework1_python.egg-info/SOURCES.txt'
[0.738s] writing manifest file 'build/webots_ros2_homework1_python/webots_ros2_homework1_python.egg-info/SOURCES.txt'
[0.739s] running build
[0.739s] running build_py
[0.739s] copying webots_ros2_homework1_python/webots_ros2_homework1_python.py -> /home/cjmes/f24_robotics/webots_ros2_homework1_python/build/webots_ros2_homework1_python/build/lib/webots_ros2_homework1_python
[0.739s] running install
[0.739s] running install_lib
[0.741s] copying /home/cjmes/f24_robotics/webots_ros2_homework1_python/build/webots_ros2_homework1_python/build/lib/webots_ros2_homework1_python/webots_ros2_homework1_python.py -> /home/cjmes/f24_robotics/webots_ros2_homework1_python/install/webots_ros2_homework1_python/lib/python3.10/site-packages/webots_ros2_homework1_python
[0.742s] byte-compiling /home/cjmes/f24_robotics/webots_ros2_homework1_python/install/webots_ros2_homework1_python/lib/python3.10/site-packages/webots_ros2_homework1_python/webots_ros2_homework1_python.py to webots_ros2_homework1_python.cpython-310.pyc
[0.743s] Sorry: IndentationError: unindent does not match any outer indentation level (webots_ros2_homework1_python.py, line 140)
[0.743s] running install_data
[0.743s] running install_egg_info
[0.745s] removing '/home/cjmes/f24_robotics/webots_ros2_homework1_python/install/webots_ros2_homework1_python/lib/python3.10/site-packages/webots_ros2_homework1_python-0.0.0-py3.10.egg-info' (and everything under it)
[0.745s] Copying build/webots_ros2_homework1_python/webots_ros2_homework1_python.egg-info to /home/cjmes/f24_robotics/webots_ros2_homework1_python/install/webots_ros2_homework1_python/lib/python3.10/site-packages/webots_ros2_homework1_python-0.0.0-py3.10.egg-info
[0.746s] running install_scripts
[0.764s] Installing webots_ros2_homework1_python script to /home/cjmes/f24_robotics/webots_ros2_homework1_python/install/webots_ros2_homework1_python/lib/webots_ros2_homework1_python
[0.765s] writing list of installed files to '/home/cjmes/f24_robotics/webots_ros2_homework1_python/build/webots_ros2_homework1_python/install.log'
[0.791s] Invoked command in '/home/cjmes/f24_robotics/webots_ros2_homework1_python' returned '0': PYTHONPATH=/home/cjmes/f24_robotics/webots_ros2_homework1_python/build/webots_ros2_homework1_python/prefix_override:/usr/lib/python3/dist-packages/colcon_core/task/python/colcon_distutils_commands:/home/cjmes/f24_robotics/webots_ros2_homework1_python/install/webots_ros2_homework1_python/lib/python3.10/site-packages:${PYTHONPATH} /usr/bin/python3 -W ignore:setup.py install is deprecated setup.py egg_info --egg-base build/webots_ros2_homework1_python build --build-base /home/cjmes/f24_robotics/webots_ros2_homework1_python/build/webots_ros2_homework1_python/build install --record /home/cjmes/f24_robotics/webots_ros2_homework1_python/build/webots_ros2_homework1_python/install.log --single-version-externally-managed install_data
