[0.485s] Invoking command in '/home/cjmes/f24_robotics/webots_ros2_homework1_python': PYTHONPATH=/home/cjmes/f24_robotics/webots_ros2_homework1_python/build/webots_ros2_homework1_python/prefix_override:/usr/lib/python3/dist-packages/colcon_core/task/python/colcon_distutils_commands:/home/cjmes/f24_robotics/webots_ros2_homework1_python/install/webots_ros2_homework1_python/lib/python3.10/site-packages:${PYTHONPATH} /usr/bin/python3 -W ignore:setup.py install is deprecated setup.py egg_info --egg-base build/webots_ros2_homework1_python build --build-base /home/cjmes/f24_robotics/webots_ros2_homework1_python/build/webots_ros2_homework1_python/build install --record /home/cjmes/f24_robotics/webots_ros2_homework1_python/build/webots_ros2_homework1_python/install.log --single-version-externally-managed install_data
[0.676s] running egg_info
[0.677s] writing build/webots_ros2_homework1_python/webots_ros2_homework1_python.egg-info/PKG-INFO
[0.677s] writing dependency_links to build/webots_ros2_homework1_python/webots_ros2_homework1_python.egg-info/dependency_links.txt
[0.677s] writing entry points to build/webots_ros2_homework1_python/webots_ros2_homework1_python.egg-info/entry_points.txt
[0.677s] writing requirements to build/webots_ros2_homework1_python/webots_ros2_homework1_python.egg-info/requires.txt
[0.677s] writing top-level names to build/webots_ros2_homework1_python/webots_ros2_homework1_python.egg-info/top_level.txt
[0.679s] reading manifest file 'build/webots_ros2_homework1_python/webots_ros2_homework1_python.egg-info/SOURCES.txt'
[0.680s] writing manifest file 'build/webots_ros2_homework1_python/webots_ros2_homework1_python.egg-info/SOURCES.txt'
[0.681s] running build
[0.681s] running build_py
[0.681s] copying webots_ros2_homework1_python/webots_ros2_homework1_python.py -> /home/cjmes/f24_robotics/webots_ros2_homework1_python/build/webots_ros2_homework1_python/build/lib/webots_ros2_homework1_python
[0.681s] running install
[0.681s] running install_lib
[0.682s] copying /home/cjmes/f24_robotics/webots_ros2_homework1_python/build/webots_ros2_homework1_python/build/lib/webots_ros2_homework1_python/webots_ros2_homework1_python.py -> /home/cjmes/f24_robotics/webots_ros2_homework1_python/install/webots_ros2_homework1_python/lib/python3.10/site-packages/webots_ros2_homework1_python
[0.682s] byte-compiling /home/cjmes/f24_robotics/webots_ros2_homework1_python/install/webots_ros2_homework1_python/lib/python3.10/site-packages/webots_ros2_homework1_python/webots_ros2_homework1_python.py to webots_ros2_homework1_python.cpython-310.pyc
[0.683s] running install_data
[0.683s] running install_egg_info
[0.686s] removing '/home/cjmes/f24_robotics/webots_ros2_homework1_python/install/webots_ros2_homework1_python/lib/python3.10/site-packages/webots_ros2_homework1_python-0.0.0-py3.10.egg-info' (and everything under it)
[0.686s] Copying build/webots_ros2_homework1_python/webots_ros2_homework1_python.egg-info to /home/cjmes/f24_robotics/webots_ros2_homework1_python/install/webots_ros2_homework1_python/lib/python3.10/site-packages/webots_ros2_homework1_python-0.0.0-py3.10.egg-info
[0.687s] running install_scripts
[0.710s] Installing webots_ros2_homework1_python script to /home/cjmes/f24_robotics/webots_ros2_homework1_python/install/webots_ros2_homework1_python/lib/webots_ros2_homework1_python
[0.711s] writing list of installed files to '/home/cjmes/f24_robotics/webots_ros2_homework1_python/build/webots_ros2_homework1_python/install.log'
[0.738s] Invoked command in '/home/cjmes/f24_robotics/webots_ros2_homework1_python' returned '0': PYTHONPATH=/home/cjmes/f24_robotics/webots_ros2_homework1_python/build/webots_ros2_homework1_python/prefix_override:/usr/lib/python3/dist-packages/colcon_core/task/python/colcon_distutils_commands:/home/cjmes/f24_robotics/webots_ros2_homework1_python/install/webots_ros2_homework1_python/lib/python3.10/site-packages:${PYTHONPATH} /usr/bin/python3 -W ignore:setup.py install is deprecated setup.py egg_info --egg-base build/webots_ros2_homework1_python build --build-base /home/cjmes/f24_robotics/webots_ros2_homework1_python/build/webots_ros2_homework1_python/build install --record /home/cjmes/f24_robotics/webots_ros2_homework1_python/build/webots_ros2_homework1_python/install.log --single-version-externally-managed install_data
